{"C:\\code\\github-demo\\ec-auth-functions-src\\src\\cache\\index.ts": {"path":"C:\\code\\github-demo\\ec-auth-functions-src\\src\\cache\\index.ts","statementMap":{"0":{"start":{"line":1,"column":0},"end":{"line":1,"column":29}}},"fnMap":{},"branchMap":{},"s":{"0":3},"f":{},"b":{}}
,"C:\\code\\github-demo\\ec-auth-functions-src\\src\\cache\\jwks-cache.ts": {"path":"C:\\code\\github-demo\\ec-auth-functions-src\\src\\cache\\jwks-cache.ts","statementMap":{"0":{"start":{"line":6,"column":0},"end":{"line":6,"column":13}},"1":{"start":{"line":7,"column":10},"end":{"line":7,"column":48}},"2":{"start":{"line":9,"column":2},"end":{"line":11,"column":null}},"3":{"start":{"line":10,"column":4},"end":{"line":10,"column":50}},"4":{"start":{"line":13,"column":2},"end":{"line":15,"column":null}},"5":{"start":{"line":14,"column":4},"end":{"line":14,"column":39}},"6":{"start":{"line":17,"column":8},"end":{"line":24,"column":null}},"7":{"start":{"line":18,"column":10},"end":{"line":18,"column":46}},"8":{"start":{"line":19,"column":4},"end":{"line":19,"column":63}},"9":{"start":{"line":19,"column":24},"end":{"line":19,"column":63}},"10":{"start":{"line":21,"column":28},"end":{"line":21,"column":null}},"11":{"start":{"line":21,"column":10},"end":{"line":21,"column":null}},"12":{"start":{"line":22,"column":4},"end":{"line":22,"column":40}},"13":{"start":{"line":23,"column":4},"end":{"line":23,"column":44}},"14":{"start":{"line":26,"column":2},"end":{"line":28,"column":null}},"15":{"start":{"line":27,"column":4},"end":{"line":27,"column":39}},"16":{"start":{"line":30,"column":2},"end":{"line":32,"column":null}},"17":{"start":{"line":31,"column":4},"end":{"line":31,"column":35}},"18":{"start":{"line":34,"column":2},"end":{"line":36,"column":null}},"19":{"start":{"line":35,"column":4},"end":{"line":35,"column":47}},"20":{"start":{"line":37,"column":0},"end":{"line":37,"column":null}},"21":{"start":{"line":6,"column":13},"end":{"line":6,"column":22}}},"fnMap":{"0":{"name":"(anonymous_0)","decl":{"start":{"line":6,"column":0},"end":{"line":6,"column":13}},"loc":{"start":{"line":6,"column":0},"end":{"line":37,"column":null}}},"1":{"name":"(anonymous_2)","decl":{"start":{"line":9,"column":2},"end":{"line":9,"column":6}},"loc":{"start":{"line":9,"column":2},"end":{"line":11,"column":3}}},"2":{"name":"(anonymous_3)","decl":{"start":{"line":13,"column":2},"end":{"line":13,"column":10}},"loc":{"start":{"line":13,"column":19},"end":{"line":15,"column":3}}},"3":{"name":"(anonymous_4)","decl":{"start":{"line":17,"column":2},"end":{"line":17,"column":8}},"loc":{"start":{"line":17,"column":63},"end":{"line":24,"column":null}}},"4":{"name":"(anonymous_7)","decl":{"start":{"line":26,"column":2},"end":{"line":26,"column":10}},"loc":{"start":{"line":26,"column":33},"end":{"line":28,"column":3}}},"5":{"name":"(anonymous_8)","decl":{"start":{"line":30,"column":2},"end":{"line":30,"column":17}},"loc":{"start":{"line":30,"column":26},"end":{"line":32,"column":3}}},"6":{"name":"(anonymous_9)","decl":{"start":{"line":34,"column":2},"end":{"line":34,"column":15}},"loc":{"start":{"line":34,"column":2},"end":{"line":36,"column":3}}}},"branchMap":{"0":{"loc":{"start":{"line":19,"column":4},"end":{"line":19,"column":63}},"type":"if","locations":[{"start":{"line":19,"column":4},"end":{"line":19,"column":63}}]}},"s":{"0":4,"1":16,"2":4,"3":7,"4":4,"5":10,"6":4,"7":8,"8":8,"9":1,"10":7,"11":7,"12":6,"13":6,"14":4,"15":18,"16":4,"17":2,"18":4,"19":7,"20":4,"21":4},"f":{"0":20,"1":7,"2":10,"3":8,"4":18,"5":2,"6":7},"b":{"0":[1]}}
,"C:\\code\\github-demo\\ec-auth-functions-src\\src\\functions\\acquire-access-token.ts": {"path":"C:\\code\\github-demo\\ec-auth-functions-src\\src\\functions\\acquire-access-token.ts","statementMap":{"0":{"start":{"line":1,"column":0},"end":{"line":1,"column":45}},"1":{"start":{"line":2,"column":0},"end":{"line":2,"column":63}},"2":{"start":{"line":18,"column":10},"end":{"line":18,"column":22}},"3":{"start":{"line":19,"column":10},"end":{"line":19,"column":40}},"4":{"start":{"line":21,"column":8},"end":{"line":21,"column":61}},"5":{"start":{"line":23,"column":8},"end":{"line":27,"column":4}},"6":{"start":{"line":29,"column":29},"end":{"line":36,"column":null}},"7":{"start":{"line":29,"column":8},"end":{"line":36,"column":null}},"8":{"start":{"line":38,"column":2},"end":{"line":38,"column":54}},"9":{"start":{"line":38,"column":20},"end":{"line":38,"column":54}},"10":{"start":{"line":40,"column":30},"end":{"line":40,"column":75}},"11":{"start":{"line":40,"column":8},"end":{"line":40,"column":null}},"12":{"start":{"line":41,"column":2},"end":{"line":41,"column":29}},"13":{"start":{"line":9,"column":0},"end":{"line":9,"column":22}}},"fnMap":{"0":{"name":"acquireAccessToken","decl":{"start":{"line":9,"column":22},"end":{"line":9,"column":40}},"loc":{"start":{"line":16,"column":3},"end":{"line":42,"column":null}}}},"branchMap":{"0":{"loc":{"start":{"line":38,"column":2},"end":{"line":38,"column":54}},"type":"if","locations":[{"start":{"line":38,"column":2},"end":{"line":38,"column":54}}]}},"s":{"0":1,"1":1,"2":2,"3":2,"4":2,"5":2,"6":2,"7":2,"8":2,"9":1,"10":1,"11":1,"12":1,"13":1},"f":{"0":2},"b":{"0":[1]}}
,"C:\\code\\github-demo\\ec-auth-functions-src\\src\\functions\\generate-jwt.ts": {"path":"C:\\code\\github-demo\\ec-auth-functions-src\\src\\functions\\generate-jwt.ts","statementMap":{"0":{"start":{"line":1,"column":0},"end":{"line":1,"column":40}},"1":{"start":{"line":7,"column":2},"end":{"line":7,"column":null}},"2":{"start":{"line":9,"column":8},"end":{"line":9,"column":44}},"3":{"start":{"line":10,"column":8},"end":{"line":10,"column":50}},"4":{"start":{"line":11,"column":8},"end":{"line":11,"column":47}},"5":{"start":{"line":13,"column":8},"end":{"line":23,"column":4}},"6":{"start":{"line":24,"column":2},"end":{"line":24,"column":30}},"7":{"start":{"line":4,"column":0},"end":{"line":4,"column":22}}},"fnMap":{"0":{"name":"generateJwt","decl":{"start":{"line":4,"column":22},"end":{"line":4,"column":33}},"loc":{"start":{"line":7,"column":21},"end":{"line":25,"column":null}}}},"branchMap":{"0":{"loc":{"start":{"line":7,"column":2},"end":{"line":7,"column":null}},"type":"if","locations":[{"start":{"line":7,"column":2},"end":{"line":7,"column":null}}]}},"s":{"0":1,"1":1,"2":1,"3":1,"4":1,"5":1,"6":1,"7":1},"f":{"0":1},"b":{"0":[0]}}
,"C:\\code\\github-demo\\ec-auth-functions-src\\src\\functions\\inspect-jwks-cache.ts": {"path":"C:\\code\\github-demo\\ec-auth-functions-src\\src\\functions\\inspect-jwks-cache.ts","statementMap":{"0":{"start":{"line":4,"column":2},"end":{"line":4,"column":26}},"1":{"start":{"line":3,"column":0},"end":{"line":3,"column":16}}},"fnMap":{"0":{"name":"inspectJwksCache","decl":{"start":{"line":3,"column":16},"end":{"line":3,"column":32}},"loc":{"start":{"line":3,"column":53},"end":{"line":5,"column":1}}}},"branchMap":{},"s":{"0":1,"1":1},"f":{"0":1},"b":{}}
,"C:\\code\\github-demo\\ec-auth-functions-src\\src\\functions\\invalidate-jwks-cache.ts": {"path":"C:\\code\\github-demo\\ec-auth-functions-src\\src\\functions\\invalidate-jwks-cache.ts","statementMap":{"0":{"start":{"line":4,"column":2},"end":{"line":7,"column":30}},"1":{"start":{"line":5,"column":4},"end":{"line":5,"column":39}},"2":{"start":{"line":7,"column":4},"end":{"line":7,"column":30}},"3":{"start":{"line":3,"column":0},"end":{"line":3,"column":16}}},"fnMap":{"0":{"name":"invalidateJwksCache","decl":{"start":{"line":3,"column":16},"end":{"line":3,"column":35}},"loc":{"start":{"line":3,"column":74},"end":{"line":8,"column":1}}}},"branchMap":{"0":{"loc":{"start":{"line":4,"column":2},"end":{"line":7,"column":30}},"type":"if","locations":[{"start":{"line":4,"column":2},"end":{"line":7,"column":30}},{"start":{"line":7,"column":4},"end":{"line":7,"column":30}}]}},"s":{"0":2,"1":1,"2":1,"3":1},"f":{"0":2},"b":{"0":[1,1]}}
,"C:\\code\\github-demo\\ec-auth-functions-src\\src\\functions\\validate-access-token-using-jwks.ts": {"path":"C:\\code\\github-demo\\ec-auth-functions-src\\src\\functions\\validate-access-token-using-jwks.ts","statementMap":{"0":{"start":{"line":1,"column":0},"end":{"line":1,"column":40}},"1":{"start":{"line":2,"column":0},"end":{"line":2,"column":45}},"2":{"start":{"line":3,"column":0},"end":{"line":3,"column":63}},"3":{"start":{"line":4,"column":0},"end":{"line":4,"column":33}},"4":{"start":{"line":31,"column":2},"end":{"line":33,"column":null}},"5":{"start":{"line":35,"column":10},"end":{"line":35,"column":27}},"6":{"start":{"line":36,"column":10},"end":{"line":36,"column":36}},"7":{"start":{"line":37,"column":10},"end":{"line":37,"column":31}},"8":{"start":{"line":39,"column":8},"end":{"line":39,"column":92}},"9":{"start":{"line":40,"column":2},"end":{"line":40,"column":90}},"10":{"start":{"line":40,"column":27},"end":{"line":40,"column":90}},"11":{"start":{"line":41,"column":2},"end":{"line":41,"column":97}},"12":{"start":{"line":41,"column":47},"end":{"line":41,"column":97}},"13":{"start":{"line":42,"column":2},"end":{"line":42,"column":101}},"14":{"start":{"line":42,"column":49},"end":{"line":42,"column":101}},"15":{"start":{"line":43,"column":2},"end":{"line":43,"column":128}},"16":{"start":{"line":43,"column":79},"end":{"line":43,"column":128}},"17":{"start":{"line":45,"column":15},"end":{"line":45,"column":null}},"18":{"start":{"line":45,"column":63},"end":{"line":45,"column":90}},"19":{"start":{"line":45,"column":8},"end":{"line":45,"column":null}},"20":{"start":{"line":47,"column":10},"end":{"line":47,"column":18}},"21":{"start":{"line":49,"column":8},"end":{"line":56,"column":6}},"22":{"start":{"line":52,"column":6},"end":{"line":55,"column":null}},"23":{"start":{"line":57,"column":2},"end":{"line":57,"column":146}},"24":{"start":{"line":57,"column":37},"end":{"line":57,"column":146}},"25":{"start":{"line":59,"column":17},"end":{"line":59,"column":null}},"26":{"start":{"line":59,"column":8},"end":{"line":59,"column":null}},"27":{"start":{"line":61,"column":8},"end":{"line":69,"column":6}},"28":{"start":{"line":71,"column":2},"end":{"line":71,"column":45}},"29":{"start":{"line":23,"column":0},"end":{"line":23,"column":22}},"30":{"start":{"line":75,"column":29},"end":{"line":81,"column":null}},"31":{"start":{"line":75,"column":8},"end":{"line":81,"column":null}},"32":{"start":{"line":83,"column":2},"end":{"line":83,"column":54}},"33":{"start":{"line":83,"column":20},"end":{"line":83,"column":54}},"34":{"start":{"line":85,"column":30},"end":{"line":85,"column":77}},"35":{"start":{"line":85,"column":8},"end":{"line":85,"column":null}},"36":{"start":{"line":86,"column":2},"end":{"line":86,"column":29}}},"fnMap":{"0":{"name":"validateAccessTokenUsingJWKS","decl":{"start":{"line":23,"column":22},"end":{"line":23,"column":50}},"loc":{"start":{"line":33,"column":3},"end":{"line":72,"column":null}}},"1":{"name":"(anonymous_3)","decl":{"start":{"line":45,"column":57},"end":{"line":45,"column":63}},"loc":{"start":{"line":45,"column":57},"end":{"line":45,"column":75}}},"2":{"name":"(anonymous_4)","decl":{"start":{"line":51,"column":10},"end":{"line":51,"column":20}},"loc":{"start":{"line":51,"column":20},"end":{"line":52,"column":16}}},"3":{"name":"retrieveJwks","decl":{"start":{"line":74,"column":15},"end":{"line":74,"column":27}},"loc":{"start":{"line":74,"column":48},"end":{"line":87,"column":null}}}},"branchMap":{"0":{"loc":{"start":{"line":31,"column":2},"end":{"line":33,"column":null}},"type":"if","locations":[{"start":{"line":31,"column":2},"end":{"line":33,"column":null}}]},"1":{"loc":{"start":{"line":40,"column":2},"end":{"line":40,"column":90}},"type":"if","locations":[{"start":{"line":40,"column":2},"end":{"line":40,"column":90}}]},"2":{"loc":{"start":{"line":41,"column":2},"end":{"line":41,"column":97}},"type":"if","locations":[{"start":{"line":41,"column":2},"end":{"line":41,"column":97}}]},"3":{"loc":{"start":{"line":42,"column":2},"end":{"line":42,"column":101}},"type":"if","locations":[{"start":{"line":42,"column":2},"end":{"line":42,"column":101}}]},"4":{"loc":{"start":{"line":43,"column":2},"end":{"line":43,"column":128}},"type":"if","locations":[{"start":{"line":43,"column":2},"end":{"line":43,"column":128}}]},"5":{"loc":{"start":{"line":43,"column":6},"end":{"line":43,"column":77}},"type":"binary-expr","locations":[{"start":{"line":43,"column":6},"end":{"line":43,"column":36}},{"start":{"line":43,"column":40},"end":{"line":43,"column":77}}]},"6":{"loc":{"start":{"line":52,"column":6},"end":{"line":55,"column":18}},"type":"binary-expr","locations":[{"start":{"line":52,"column":6},"end":{"line":52,"column":28}},{"start":{"line":53,"column":6},"end":{"line":53,"column":30}},{"start":{"line":54,"column":6},"end":{"line":54,"column":18}},{"start":{"line":55,"column":6},"end":{"line":55,"column":18}}]},"7":{"loc":{"start":{"line":57,"column":2},"end":{"line":57,"column":146}},"type":"if","locations":[{"start":{"line":57,"column":2},"end":{"line":57,"column":146}}]},"8":{"loc":{"start":{"line":75,"column":29},"end":{"line":81,"column":null}},"type":"switch","locations":[{"start":{"line":75,"column":29},"end":{"line":81,"column":null}}]},"9":{"loc":{"start":{"line":83,"column":2},"end":{"line":83,"column":54}},"type":"if","locations":[{"start":{"line":83,"column":2},"end":{"line":83,"column":54}}]}},"s":{"0":1,"1":1,"2":1,"3":1,"4":5,"5":5,"6":5,"7":5,"8":5,"9":5,"10":0,"11":5,"12":0,"13":5,"14":0,"15":5,"16":0,"17":5,"18":5,"19":5,"20":4,"21":4,"22":4,"23":4,"24":1,"25":3,"26":3,"27":3,"28":2,"29":1,"30":5,"31":5,"32":5,"33":1,"34":4,"35":4,"36":4},"f":{"0":5,"1":5,"2":4,"3":5},"b":{"0":[0],"1":[0],"2":[0],"3":[0],"4":[0],"5":[5,5],"6":[4,3,3,3],"7":[1],"8":[5],"9":[1]}}
,"C:\\code\\github-demo\\ec-auth-functions-src\\src\\xhr\\error-from-response.ts": {"path":"C:\\code\\github-demo\\ec-auth-functions-src\\src\\xhr\\error-from-response.ts","statementMap":{"0":{"start":{"line":4,"column":2},"end":{"line":7,"column":3}},"1":{"start":{"line":3,"column":0},"end":{"line":3,"column":16}}},"fnMap":{"0":{"name":"errorFromResponse","decl":{"start":{"line":3,"column":16},"end":{"line":3,"column":33}},"loc":{"start":{"line":3,"column":52},"end":{"line":8,"column":1}}}},"branchMap":{},"s":{"0":3,"1":3},"f":{"0":3},"b":{}}
}
