TN:
SF:src\cache\index.ts
FNF:0
FNH:0
DA:1,3
LF:1
LH:1
BRF:0
BRH:0
end_of_record
TN:
SF:src\cache\jwks-cache.ts
FN:6,(anonymous_0)
FN:9,(anonymous_2)
FN:13,(anonymous_3)
FN:17,(anonymous_4)
FN:26,(anonymous_7)
FN:30,(anonymous_8)
FN:34,(anonymous_9)
FNF:7
FNH:7
FNDA:20,(anonymous_0)
FNDA:7,(anonymous_2)
FNDA:10,(anonymous_3)
FNDA:8,(anonymous_4)
FNDA:18,(anonymous_7)
FNDA:2,(anonymous_8)
FNDA:7,(anonymous_9)
DA:6,4
DA:7,16
DA:9,4
DA:10,7
DA:13,4
DA:14,10
DA:17,4
DA:18,8
DA:19,8
DA:21,7
DA:22,6
DA:23,6
DA:26,4
DA:27,18
DA:30,4
DA:31,2
DA:34,4
DA:35,7
DA:37,4
LF:19
LH:19
BRDA:19,0,0,1
BRF:1
BRH:1
end_of_record
TN:
SF:src\functions\acquire-access-token.ts
FN:9,acquireAccessToken
FNF:1
FNH:1
FNDA:2,acquireAccessToken
DA:1,1
DA:2,1
DA:9,1
DA:18,2
DA:19,2
DA:21,2
DA:23,2
DA:29,2
DA:38,2
DA:40,1
DA:41,1
LF:11
LH:11
BRDA:38,0,0,1
BRF:1
BRH:1
end_of_record
TN:
SF:src\functions\generate-jwt.ts
FN:4,generateJwt
FNF:1
FNH:1
FNDA:1,generateJwt
DA:1,1
DA:4,1
DA:7,1
DA:9,1
DA:10,1
DA:11,1
DA:13,1
DA:24,1
LF:8
LH:8
BRDA:7,0,0,0
BRF:1
BRH:0
end_of_record
TN:
SF:src\functions\inspect-jwks-cache.ts
FN:3,inspectJwksCache
FNF:1
FNH:1
FNDA:1,inspectJwksCache
DA:3,1
DA:4,1
LF:2
LH:2
BRF:0
BRH:0
end_of_record
TN:
SF:src\functions\invalidate-jwks-cache.ts
FN:3,invalidateJwksCache
FNF:1
FNH:1
FNDA:2,invalidateJwksCache
DA:3,1
DA:4,2
DA:5,1
DA:7,1
LF:4
LH:4
BRDA:4,0,0,1
BRDA:4,0,1,1
BRF:2
BRH:2
end_of_record
TN:
SF:src\functions\validate-access-token-using-jwks.ts
FN:23,validateAccessTokenUsingJWKS
FN:45,(anonymous_3)
FN:51,(anonymous_4)
FN:74,retrieveJwks
FNF:4
FNH:4
FNDA:5,validateAccessTokenUsingJWKS
FNDA:5,(anonymous_3)
FNDA:4,(anonymous_4)
FNDA:5,retrieveJwks
DA:1,1
DA:2,1
DA:3,1
DA:4,1
DA:23,1
DA:31,5
DA:35,5
DA:36,5
DA:37,5
DA:39,5
DA:40,5
DA:41,5
DA:42,5
DA:43,5
DA:45,5
DA:47,4
DA:49,4
DA:52,4
DA:57,4
DA:59,3
DA:61,3
DA:71,2
DA:75,5
DA:83,5
DA:85,4
DA:86,4
LF:26
LH:26
BRDA:31,0,0,0
BRDA:40,1,0,0
BRDA:41,2,0,0
BRDA:42,3,0,0
BRDA:43,4,0,0
BRDA:43,5,0,5
BRDA:43,5,1,5
BRDA:52,6,0,4
BRDA:52,6,1,3
BRDA:52,6,2,3
BRDA:52,6,3,3
BRDA:57,7,0,1
BRDA:75,8,0,5
BRDA:83,9,0,1
BRF:14
BRH:9
end_of_record
TN:
SF:src\xhr\error-from-response.ts
FN:3,errorFromResponse
FNF:1
FNH:1
FNDA:3,errorFromResponse
DA:3,3
DA:4,3
LF:2
LH:2
BRF:0
BRH:0
end_of_record
